

Started GET "/" for 127.0.0.1 at 2014-08-09 14:40:04 -0700

ActiveRecord::PendingMigrationError (

Migrations are pending. To resolve this issue, run:

	bin/rake db:migrate RAILS_ENV=development

):
  activerecord (4.1.1) lib/active_record/migration.rb:389:in `check_pending!'
  activerecord (4.1.1) lib/active_record/migration.rb:377:in `call'
  actionpack (4.1.1) lib/action_dispatch/middleware/callbacks.rb:29:in `block in call'
  activesupport (4.1.1) lib/active_support/callbacks.rb:82:in `run_callbacks'
  actionpack (4.1.1) lib/action_dispatch/middleware/callbacks.rb:27:in `call'
  actionpack (4.1.1) lib/action_dispatch/middleware/reloader.rb:73:in `call'
  actionpack (4.1.1) lib/action_dispatch/middleware/remote_ip.rb:76:in `call'
  actionpack (4.1.1) lib/action_dispatch/middleware/debug_exceptions.rb:17:in `call'
  actionpack (4.1.1) lib/action_dispatch/middleware/show_exceptions.rb:30:in `call'
  railties (4.1.1) lib/rails/rack/logger.rb:38:in `call_app'
  railties (4.1.1) lib/rails/rack/logger.rb:20:in `block in call'
  activesupport (4.1.1) lib/active_support/tagged_logging.rb:68:in `block in tagged'
  activesupport (4.1.1) lib/active_support/tagged_logging.rb:26:in `tagged'
  activesupport (4.1.1) lib/active_support/tagged_logging.rb:68:in `tagged'
  railties (4.1.1) lib/rails/rack/logger.rb:20:in `call'
  actionpack (4.1.1) lib/action_dispatch/middleware/request_id.rb:21:in `call'
  rack (1.5.2) lib/rack/methodoverride.rb:21:in `call'
  rack (1.5.2) lib/rack/runtime.rb:17:in `call'
  activesupport (4.1.1) lib/active_support/cache/strategy/local_cache_middleware.rb:26:in `call'
  rack (1.5.2) lib/rack/lock.rb:17:in `call'
  actionpack (4.1.1) lib/action_dispatch/middleware/static.rb:64:in `call'
  rack (1.5.2) lib/rack/sendfile.rb:112:in `call'
  railties (4.1.1) lib/rails/engine.rb:514:in `call'
  railties (4.1.1) lib/rails/application.rb:144:in `call'
  rack (1.5.2) lib/rack/lock.rb:17:in `call'
  rack (1.5.2) lib/rack/content_length.rb:14:in `call'
  rack (1.5.2) lib/rack/handler/webrick.rb:60:in `service'
  /home/erik/.rvm/rubies/ruby-2.1.2/lib/ruby/2.1.0/webrick/httpserver.rb:138:in `service'
  /home/erik/.rvm/rubies/ruby-2.1.2/lib/ruby/2.1.0/webrick/httpserver.rb:94:in `run'
  /home/erik/.rvm/rubies/ruby-2.1.2/lib/ruby/2.1.0/webrick/server.rb:295:in `block in start_thread'


  Rendered /home/erik/.rvm/gems/ruby-2.1.2/gems/actionpack-4.1.1/lib/action_dispatch/middleware/templates/rescues/_source.erb (0.6ms)
  Rendered /home/erik/.rvm/gems/ruby-2.1.2/gems/actionpack-4.1.1/lib/action_dispatch/middleware/templates/rescues/_trace.html.erb (1.0ms)
  Rendered /home/erik/.rvm/gems/ruby-2.1.2/gems/actionpack-4.1.1/lib/action_dispatch/middleware/templates/rescues/_request_and_response.html.erb (1.2ms)
  Rendered /home/erik/.rvm/gems/ruby-2.1.2/gems/actionpack-4.1.1/lib/action_dispatch/middleware/templates/rescues/diagnostics.erb within rescues/layout (15.0ms)
  [1m[36m (113.6ms)[0m  [1mCREATE TABLE "schema_migrations" ("version" varchar(255) NOT NULL) [0m
  [1m[35m (0.3ms)[0m  select sqlite_version(*)
  [1m[36m (132.5ms)[0m  [1mCREATE UNIQUE INDEX "unique_schema_migrations" ON "schema_migrations" ("version")[0m
  [1m[35mActiveRecord::SchemaMigration Load (0.4ms)[0m  SELECT "schema_migrations".* FROM "schema_migrations"
Migrating to CreateArticles (20140624134944)
  [1m[36m (0.2ms)[0m  [1mbegin transaction[0m
  [1m[35m (0.4ms)[0m  CREATE TABLE "articles" ("id" INTEGER PRIMARY KEY AUTOINCREMENT NOT NULL, "title" varchar(255), "body" text, "created_at" datetime, "updated_at" datetime) 
  [1m[36mSQL (0.2ms)[0m  [1mINSERT INTO "schema_migrations" ("version") VALUES (?)[0m  [["version", "20140624134944"]]
  [1m[35m (139.2ms)[0m  commit transaction
  [1m[36mActiveRecord::SchemaMigration Load (0.1ms)[0m  [1mSELECT "schema_migrations".* FROM "schema_migrations"[0m


Started GET "/" for 127.0.0.1 at 2014-08-09 14:40:41 -0700
  [1m[36mActiveRecord::SchemaMigration Load (0.1ms)[0m  [1mSELECT "schema_migrations".* FROM "schema_migrations"[0m
Processing by ArticlesController#index as HTML
  [1m[35mArticle Load (0.2ms)[0m  SELECT "articles".* FROM "articles"
  Rendered articles/index.html.erb within layouts/application (2.2ms)
Completed 200 OK in 660ms (Views: 624.4ms | ActiveRecord: 0.2ms)


Started GET "/assets/articles.css?body=1" for 127.0.0.1 at 2014-08-09 14:40:42 -0700


Started GET "/assets/screen.css?body=1" for 127.0.0.1 at 2014-08-09 14:40:42 -0700


Started GET "/assets/application.css?body=1" for 127.0.0.1 at 2014-08-09 14:40:42 -0700


Started GET "/assets/articles.js?body=1" for 127.0.0.1 at 2014-08-09 14:40:42 -0700


Started GET "/assets/jquery.js?body=1" for 127.0.0.1 at 2014-08-09 14:40:42 -0700


Started GET "/assets/jquery_ujs.js?body=1" for 127.0.0.1 at 2014-08-09 14:40:42 -0700


Started GET "/assets/turbolinks.js?body=1" for 127.0.0.1 at 2014-08-09 14:40:42 -0700


Started GET "/assets/application.js?body=1" for 127.0.0.1 at 2014-08-09 14:40:42 -0700


Started GET "/articles/new" for 127.0.0.1 at 2014-08-09 14:40:46 -0700
Processing by ArticlesController#new as HTML
  Rendered articles/_form.html.erb (117.0ms)
  Rendered articles/new.html.erb within layouts/application (253.6ms)
Completed 200 OK in 310ms (Views: 307.4ms | ActiveRecord: 0.6ms)


Started POST "/articles" for 127.0.0.1 at 2014-08-09 14:41:02 -0700
Processing by ArticlesController#create as HTML
  Parameters: {"utf8"=>"✓", "authenticity_token"=>"2DqaXFFZufviSn5q7x1XOQAN5Rc2nM/etpWp4ykNuZc=", "article"=>{"title"=>"Awesome Article!", "body"=>"OH MY GOD THIS ARTICLE IS MINT"}, "commit"=>"Create Article"}
  [1m[36m (0.1ms)[0m  [1mbegin transaction[0m
  [1m[35mSQL (0.3ms)[0m  INSERT INTO "articles" ("body", "created_at", "title", "updated_at") VALUES (?, ?, ?, ?)  [["body", "OH MY GOD THIS ARTICLE IS MINT"], ["created_at", "2014-08-09 21:41:02.909934"], ["title", "Awesome Article!"], ["updated_at", "2014-08-09 21:41:02.909934"]]
  [1m[36m (189.7ms)[0m  [1mcommit transaction[0m
Redirected to http://localhost:3000/articles/1
Completed 302 Found in 230ms (ActiveRecord: 190.1ms)


Started GET "/articles/1" for 127.0.0.1 at 2014-08-09 14:41:03 -0700
Processing by ArticlesController#show as HTML
  Parameters: {"id"=>"1"}
  [1m[35mArticle Load (0.3ms)[0m  SELECT  "articles".* FROM "articles"  WHERE "articles"."id" = ? LIMIT 1  [["id", 1]]
  Rendered articles/show.html.erb within layouts/application (1.6ms)
Completed 200 OK in 12ms (Views: 7.8ms | ActiveRecord: 0.3ms)


Started GET "/assets/screen.css?body=1" for 127.0.0.1 at 2014-08-09 14:41:03 -0700


Started GET "/assets/application.css?body=1" for 127.0.0.1 at 2014-08-09 14:41:03 -0700


Started GET "/assets/turbolinks.js?body=1" for 127.0.0.1 at 2014-08-09 14:41:03 -0700


Started GET "/assets/jquery_ujs.js?body=1" for 127.0.0.1 at 2014-08-09 14:41:03 -0700


Started GET "/assets/jquery.js?body=1" for 127.0.0.1 at 2014-08-09 14:41:03 -0700


Started GET "/assets/articles.css?body=1" for 127.0.0.1 at 2014-08-09 14:41:03 -0700


Started GET "/assets/articles.js?body=1" for 127.0.0.1 at 2014-08-09 14:41:03 -0700


Started GET "/assets/application.js?body=1" for 127.0.0.1 at 2014-08-09 14:41:03 -0700


Started GET "/articles" for 127.0.0.1 at 2014-08-09 14:41:05 -0700
Processing by ArticlesController#index as HTML
  [1m[36mArticle Load (0.2ms)[0m  [1mSELECT "articles".* FROM "articles"[0m
  Rendered articles/index.html.erb within layouts/application (2.5ms)
Completed 200 OK in 9ms (Views: 7.9ms | ActiveRecord: 0.2ms)


Started GET "/articles/new" for 127.0.0.1 at 2014-08-09 14:41:07 -0700
Processing by ArticlesController#new as HTML
  Rendered articles/_form.html.erb (4.4ms)
  Rendered articles/new.html.erb within layouts/application (6.3ms)
Completed 200 OK in 18ms (Views: 16.3ms | ActiveRecord: 0.0ms)


Started POST "/articles" for 127.0.0.1 at 2014-08-09 14:41:16 -0700
Processing by ArticlesController#create as HTML
  Parameters: {"utf8"=>"✓", "authenticity_token"=>"2DqaXFFZufviSn5q7x1XOQAN5Rc2nM/etpWp4ykNuZc=", "article"=>{"title"=>"fresh", "body"=>"very fresh article right here"}, "commit"=>"Create Article"}
  [1m[35m (0.2ms)[0m  begin transaction
  [1m[36mSQL (0.3ms)[0m  [1mINSERT INTO "articles" ("body", "created_at", "title", "updated_at") VALUES (?, ?, ?, ?)[0m  [["body", "very fresh article right here"], ["created_at", "2014-08-09 21:41:16.131660"], ["title", "fresh"], ["updated_at", "2014-08-09 21:41:16.131660"]]
  [1m[35m (222.1ms)[0m  commit transaction
Redirected to http://localhost:3000/articles/2
Completed 302 Found in 227ms (ActiveRecord: 222.6ms)


Started GET "/articles/2" for 127.0.0.1 at 2014-08-09 14:41:16 -0700
Processing by ArticlesController#show as HTML
  Parameters: {"id"=>"2"}
  [1m[36mArticle Load (0.2ms)[0m  [1mSELECT  "articles".* FROM "articles"  WHERE "articles"."id" = ? LIMIT 1[0m  [["id", 2]]
  Rendered articles/show.html.erb within layouts/application (0.7ms)
Completed 200 OK in 7ms (Views: 5.1ms | ActiveRecord: 0.2ms)


Started GET "/assets/jquery.js?body=1" for 127.0.0.1 at 2014-08-09 14:41:16 -0700


Started GET "/assets/articles.css?body=1" for 127.0.0.1 at 2014-08-09 14:41:16 -0700


Started GET "/assets/application.css?body=1" for 127.0.0.1 at 2014-08-09 14:41:16 -0700


Started GET "/assets/jquery_ujs.js?body=1" for 127.0.0.1 at 2014-08-09 14:41:16 -0700


Started GET "/assets/screen.css?body=1" for 127.0.0.1 at 2014-08-09 14:41:16 -0700


Started GET "/assets/turbolinks.js?body=1" for 127.0.0.1 at 2014-08-09 14:41:16 -0700


Started GET "/assets/articles.js?body=1" for 127.0.0.1 at 2014-08-09 14:41:16 -0700


Started GET "/assets/application.js?body=1" for 127.0.0.1 at 2014-08-09 14:41:16 -0700


Started GET "/articles" for 127.0.0.1 at 2014-08-09 14:41:17 -0700
Processing by ArticlesController#index as HTML
  [1m[35mArticle Load (0.2ms)[0m  SELECT "articles".* FROM "articles"
  Rendered articles/index.html.erb within layouts/application (1.3ms)
Completed 200 OK in 6ms (Views: 5.6ms | ActiveRecord: 0.2ms)


Started GET "/articles/1" for 127.0.0.1 at 2014-08-09 14:41:19 -0700
Processing by ArticlesController#show as HTML
  Parameters: {"id"=>"1"}
  [1m[36mArticle Load (0.2ms)[0m  [1mSELECT  "articles".* FROM "articles"  WHERE "articles"."id" = ? LIMIT 1[0m  [["id", 1]]
  Rendered articles/show.html.erb within layouts/application (1.2ms)
Completed 200 OK in 10ms (Views: 7.6ms | ActiveRecord: 0.2ms)


Started GET "/articles/1/edit" for 127.0.0.1 at 2014-08-09 14:41:20 -0700
Processing by ArticlesController#edit as HTML
  Parameters: {"id"=>"1"}
  [1m[35mArticle Load (0.4ms)[0m  SELECT  "articles".* FROM "articles"  WHERE "articles"."id" = ? LIMIT 1  [["id", 1]]
  Rendered articles/_form.html.erb (4.1ms)
  Rendered articles/edit.html.erb within layouts/application (6.9ms)
Completed 200 OK in 90ms (Views: 87.1ms | ActiveRecord: 0.4ms)


Started PATCH "/articles/1" for 127.0.0.1 at 2014-08-09 14:41:26 -0700
Processing by ArticlesController#update as HTML
  Parameters: {"utf8"=>"✓", "authenticity_token"=>"2DqaXFFZufviSn5q7x1XOQAN5Rc2nM/etpWp4ykNuZc=", "article"=>{"title"=>"Awesome Article!", "body"=>"chill"}, "commit"=>"Update Article", "id"=>"1"}
  [1m[36mArticle Load (0.1ms)[0m  [1mSELECT  "articles".* FROM "articles"  WHERE "articles"."id" = ? LIMIT 1[0m  [["id", 1]]
  [1m[35m (0.1ms)[0m  begin transaction
  [1m[36mSQL (0.3ms)[0m  [1mUPDATE "articles" SET "body" = ?, "updated_at" = ? WHERE "articles"."id" = 1[0m  [["body", "chill"], ["updated_at", "2014-08-09 21:41:26.117266"]]
  [1m[35m (130.4ms)[0m  commit transaction
Redirected to http://localhost:3000/articles/1
Completed 302 Found in 136ms (ActiveRecord: 130.9ms)


Started GET "/articles/1" for 127.0.0.1 at 2014-08-09 14:41:26 -0700
Processing by ArticlesController#show as HTML
  Parameters: {"id"=>"1"}
  [1m[36mArticle Load (0.1ms)[0m  [1mSELECT  "articles".* FROM "articles"  WHERE "articles"."id" = ? LIMIT 1[0m  [["id", 1]]
  Rendered articles/show.html.erb within layouts/application (0.4ms)
Completed 200 OK in 6ms (Views: 4.5ms | ActiveRecord: 0.1ms)


Started GET "/assets/articles.css?body=1" for 127.0.0.1 at 2014-08-09 14:41:26 -0700


Started GET "/assets/jquery_ujs.js?body=1" for 127.0.0.1 at 2014-08-09 14:41:26 -0700


Started GET "/assets/turbolinks.js?body=1" for 127.0.0.1 at 2014-08-09 14:41:26 -0700


Started GET "/assets/jquery.js?body=1" for 127.0.0.1 at 2014-08-09 14:41:26 -0700


Started GET "/assets/screen.css?body=1" for 127.0.0.1 at 2014-08-09 14:41:26 -0700


Started GET "/assets/application.css?body=1" for 127.0.0.1 at 2014-08-09 14:41:26 -0700


Started GET "/assets/articles.js?body=1" for 127.0.0.1 at 2014-08-09 14:41:26 -0700


Started GET "/assets/application.js?body=1" for 127.0.0.1 at 2014-08-09 14:41:26 -0700


Started GET "/articles" for 127.0.0.1 at 2014-08-09 14:41:28 -0700
Processing by ArticlesController#index as HTML
  [1m[35mArticle Load (0.1ms)[0m  SELECT "articles".* FROM "articles"
  Rendered articles/index.html.erb within layouts/application (0.8ms)
Completed 200 OK in 5ms (Views: 4.2ms | ActiveRecord: 0.1ms)


Started GET "/articles/1" for 127.0.0.1 at 2014-08-09 14:41:29 -0700
Processing by ArticlesController#show as HTML
  Parameters: {"id"=>"1"}
  [1m[36mArticle Load (0.1ms)[0m  [1mSELECT  "articles".* FROM "articles"  WHERE "articles"."id" = ? LIMIT 1[0m  [["id", 1]]
  Rendered articles/show.html.erb within layouts/application (0.6ms)
Completed 200 OK in 8ms (Views: 7.2ms | ActiveRecord: 0.1ms)


Started GET "/articles/1/edit" for 127.0.0.1 at 2014-08-09 14:41:30 -0700
Processing by ArticlesController#edit as HTML
  Parameters: {"id"=>"1"}
  [1m[35mArticle Load (0.1ms)[0m  SELECT  "articles".* FROM "articles"  WHERE "articles"."id" = ? LIMIT 1  [["id", 1]]
  Rendered articles/_form.html.erb (2.2ms)
  Rendered articles/edit.html.erb within layouts/application (3.0ms)
Completed 200 OK in 12ms (Views: 10.9ms | ActiveRecord: 0.1ms)


Started PATCH "/articles/1" for 127.0.0.1 at 2014-08-09 14:41:33 -0700
Processing by ArticlesController#update as HTML
  Parameters: {"utf8"=>"✓", "authenticity_token"=>"2DqaXFFZufviSn5q7x1XOQAN5Rc2nM/etpWp4ykNuZc=", "article"=>{"title"=>"Awesome Article!", "body"=>"chill chill\r\n"}, "commit"=>"Update Article", "id"=>"1"}
  [1m[36mArticle Load (0.1ms)[0m  [1mSELECT  "articles".* FROM "articles"  WHERE "articles"."id" = ? LIMIT 1[0m  [["id", 1]]
  [1m[35m (0.1ms)[0m  begin transaction
  [1m[36mSQL (0.2ms)[0m  [1mUPDATE "articles" SET "body" = ?, "updated_at" = ? WHERE "articles"."id" = 1[0m  [["body", "chill chill\r\n"], ["updated_at", "2014-08-09 21:41:33.586980"]]
  [1m[35m (101.1ms)[0m  commit transaction
Redirected to http://localhost:3000/articles/1
Completed 302 Found in 133ms (ActiveRecord: 101.5ms)


Started GET "/articles/1" for 127.0.0.1 at 2014-08-09 14:41:33 -0700
Processing by ArticlesController#show as HTML
  Parameters: {"id"=>"1"}
  [1m[36mArticle Load (0.2ms)[0m  [1mSELECT  "articles".* FROM "articles"  WHERE "articles"."id" = ? LIMIT 1[0m  [["id", 1]]
  Rendered articles/show.html.erb within layouts/application (0.6ms)
Completed 200 OK in 8ms (Views: 6.9ms | ActiveRecord: 0.2ms)


Started GET "/assets/articles.css?body=1" for 127.0.0.1 at 2014-08-09 14:41:33 -0700


Started GET "/assets/jquery.js?body=1" for 127.0.0.1 at 2014-08-09 14:41:33 -0700


Started GET "/assets/application.js?body=1" for 127.0.0.1 at 2014-08-09 14:41:33 -0700


Started GET "/assets/screen.css?body=1" for 127.0.0.1 at 2014-08-09 14:41:33 -0700


Started GET "/assets/application.css?body=1" for 127.0.0.1 at 2014-08-09 14:41:33 -0700


Started GET "/assets/turbolinks.js?body=1" for 127.0.0.1 at 2014-08-09 14:41:33 -0700


Started GET "/assets/articles.js?body=1" for 127.0.0.1 at 2014-08-09 14:41:33 -0700


Started GET "/assets/jquery_ujs.js?body=1" for 127.0.0.1 at 2014-08-09 14:41:33 -0700


Started GET "/articles" for 127.0.0.1 at 2014-08-09 14:41:35 -0700
Processing by ArticlesController#index as HTML
  [1m[35mArticle Load (0.2ms)[0m  SELECT "articles".* FROM "articles"
  Rendered articles/index.html.erb within layouts/application (1.1ms)
Completed 200 OK in 7ms (Views: 5.7ms | ActiveRecord: 0.2ms)


Started GET "/articles/new" for 127.0.0.1 at 2014-08-09 14:41:37 -0700
Processing by ArticlesController#new as HTML
  Rendered articles/_form.html.erb (2.4ms)
  Rendered articles/new.html.erb within layouts/application (3.5ms)
Completed 200 OK in 10ms (Views: 8.9ms | ActiveRecord: 0.0ms)


Started POST "/articles" for 127.0.0.1 at 2014-08-09 14:41:43 -0700
Processing by ArticlesController#create as HTML
  Parameters: {"utf8"=>"✓", "authenticity_token"=>"2DqaXFFZufviSn5q7x1XOQAN5Rc2nM/etpWp4ykNuZc=", "article"=>{"title"=>"easy peasy", "body"=>"easy asy"}, "commit"=>"Create Article"}
  [1m[36m (0.1ms)[0m  [1mbegin transaction[0m
  [1m[35mSQL (0.2ms)[0m  INSERT INTO "articles" ("body", "created_at", "title", "updated_at") VALUES (?, ?, ?, ?)  [["body", "easy asy"], ["created_at", "2014-08-09 21:41:43.704694"], ["title", "easy peasy"], ["updated_at", "2014-08-09 21:41:43.704694"]]
  [1m[36m (187.9ms)[0m  [1mcommit transaction[0m
Redirected to http://localhost:3000/articles/3
Completed 302 Found in 192ms (ActiveRecord: 188.2ms)


Started GET "/articles/3" for 127.0.0.1 at 2014-08-09 14:41:43 -0700
Processing by ArticlesController#show as HTML
  Parameters: {"id"=>"3"}
  [1m[35mArticle Load (0.2ms)[0m  SELECT  "articles".* FROM "articles"  WHERE "articles"."id" = ? LIMIT 1  [["id", 3]]
  Rendered articles/show.html.erb within layouts/application (0.8ms)
Completed 200 OK in 10ms (Views: 7.9ms | ActiveRecord: 0.2ms)


Started GET "/assets/articles.css?body=1" for 127.0.0.1 at 2014-08-09 14:41:43 -0700


Started GET "/assets/application.css?body=1" for 127.0.0.1 at 2014-08-09 14:41:43 -0700


Started GET "/assets/screen.css?body=1" for 127.0.0.1 at 2014-08-09 14:41:44 -0700


Started GET "/assets/jquery_ujs.js?body=1" for 127.0.0.1 at 2014-08-09 14:41:44 -0700


Started GET "/assets/jquery.js?body=1" for 127.0.0.1 at 2014-08-09 14:41:44 -0700


Started GET "/assets/turbolinks.js?body=1" for 127.0.0.1 at 2014-08-09 14:41:44 -0700


Started GET "/assets/articles.js?body=1" for 127.0.0.1 at 2014-08-09 14:41:44 -0700


Started GET "/assets/application.js?body=1" for 127.0.0.1 at 2014-08-09 14:41:44 -0700


Started GET "/articles" for 127.0.0.1 at 2014-08-09 14:41:50 -0700
Processing by ArticlesController#index as HTML
  [1m[36mArticle Load (0.3ms)[0m  [1mSELECT "articles".* FROM "articles"[0m
  Rendered articles/index.html.erb within layouts/application (2.3ms)
Completed 200 OK in 13ms (Views: 11.2ms | ActiveRecord: 0.3ms)


Started GET "/articles/1" for 127.0.0.1 at 2014-08-09 14:41:51 -0700
Processing by ArticlesController#show as HTML
  Parameters: {"id"=>"1"}
  [1m[35mArticle Load (0.2ms)[0m  SELECT  "articles".* FROM "articles"  WHERE "articles"."id" = ? LIMIT 1  [["id", 1]]
  Rendered articles/show.html.erb within layouts/application (0.4ms)
Completed 200 OK in 6ms (Views: 4.6ms | ActiveRecord: 0.2ms)


Started GET "/articles" for 127.0.0.1 at 2014-08-09 14:41:54 -0700
Processing by ArticlesController#index as HTML
  [1m[36mArticle Load (0.5ms)[0m  [1mSELECT "articles".* FROM "articles"[0m
  Rendered articles/index.html.erb within layouts/application (2.9ms)
Completed 200 OK in 10ms (Views: 9.1ms | ActiveRecord: 0.5ms)


Started GET "/articles/1" for 127.0.0.1 at 2014-08-09 14:41:54 -0700
Processing by ArticlesController#show as HTML
  Parameters: {"id"=>"1"}
  [1m[35mArticle Load (0.2ms)[0m  SELECT  "articles".* FROM "articles"  WHERE "articles"."id" = ? LIMIT 1  [["id", 1]]
  Rendered articles/show.html.erb within layouts/application (1.1ms)
Completed 200 OK in 11ms (Views: 9.0ms | ActiveRecord: 0.2ms)


Started DELETE "/articles/1" for 127.0.0.1 at 2014-08-09 14:41:57 -0700
Processing by ArticlesController#destroy as HTML
  Parameters: {"authenticity_token"=>"2DqaXFFZufviSn5q7x1XOQAN5Rc2nM/etpWp4ykNuZc=", "id"=>"1"}
  [1m[36mArticle Load (0.1ms)[0m  [1mSELECT  "articles".* FROM "articles"  WHERE "articles"."id" = ? LIMIT 1[0m  [["id", 1]]
  [1m[35m (0.2ms)[0m  begin transaction
  [1m[36mSQL (0.6ms)[0m  [1mDELETE FROM "articles" WHERE "articles"."id" = ?[0m  [["id", 1]]
  [1m[35m (137.7ms)[0m  commit transaction
Redirected to http://localhost:3000/articles/1
Completed 302 Found in 142ms (ActiveRecord: 138.7ms)


Started GET "/articles/1" for 127.0.0.1 at 2014-08-09 14:41:58 -0700
Processing by ArticlesController#show as HTML
  Parameters: {"id"=>"1"}
  [1m[36mArticle Load (0.1ms)[0m  [1mSELECT  "articles".* FROM "articles"  WHERE "articles"."id" = ? LIMIT 1[0m  [["id", 1]]
  Rendered articles/show.html.erb within layouts/application (2.0ms)
Completed 500 Internal Server Error in 5ms

ActionView::Template::Error (undefined method `title' for nil:NilClass):
    1: <h1><%= @article.title %></h1>
    2: <p><%= @article.body %></p>
    3: <%= link_to "<< Back to Articles List", articles_path %>
    4: <%= link_to "delete", article_path(@article), method: :delete, data: {confirm: "Really delete the article?"} %>
  app/views/articles/show.html.erb:1:in `_app_views_articles_show_html_erb___842083996148495026_69889925824620'


  Rendered /home/erik/.rvm/gems/ruby-2.1.2/gems/actionpack-4.1.1/lib/action_dispatch/middleware/templates/rescues/_trace.html.erb (1.1ms)
  Rendered /home/erik/.rvm/gems/ruby-2.1.2/gems/actionpack-4.1.1/lib/action_dispatch/middleware/templates/rescues/_request_and_response.html.erb (0.9ms)
  Rendered /home/erik/.rvm/gems/ruby-2.1.2/gems/actionpack-4.1.1/lib/action_dispatch/middleware/templates/rescues/template_error.html.erb within rescues/layout (8.9ms)


Started GET "/" for 127.0.0.1 at 2014-08-09 14:42:44 -0700
  [1m[36mActiveRecord::SchemaMigration Load (0.1ms)[0m  [1mSELECT "schema_migrations".* FROM "schema_migrations"[0m
Processing by ArticlesController#index as HTML
  [1m[35mArticle Load (0.2ms)[0m  SELECT "articles".* FROM "articles"
  Rendered articles/index.html.erb within layouts/application (5.9ms)
Completed 200 OK in 66ms (Views: 55.9ms | ActiveRecord: 0.5ms)


Started GET "/assets/articles.css?body=1" for 127.0.0.1 at 2014-08-09 14:42:44 -0700


Started GET "/assets/articles.js?body=1" for 127.0.0.1 at 2014-08-09 14:42:44 -0700


Started GET "/assets/application.css?body=1" for 127.0.0.1 at 2014-08-09 14:42:44 -0700


Started GET "/assets/screen.css?body=1" for 127.0.0.1 at 2014-08-09 14:42:44 -0700


Started GET "/assets/jquery_ujs.js?body=1" for 127.0.0.1 at 2014-08-09 14:42:44 -0700


Started GET "/assets/turbolinks.js?body=1" for 127.0.0.1 at 2014-08-09 14:42:44 -0700


Started GET "/assets/jquery.js?body=1" for 127.0.0.1 at 2014-08-09 14:42:44 -0700


Started GET "/assets/application.js?body=1" for 127.0.0.1 at 2014-08-09 14:42:44 -0700


Started GET "/articles/3" for 127.0.0.1 at 2014-08-09 14:42:47 -0700
Processing by ArticlesController#show as HTML
  Parameters: {"id"=>"3"}
  [1m[36mArticle Load (0.4ms)[0m  [1mSELECT  "articles".* FROM "articles"  WHERE "articles"."id" = ? LIMIT 1[0m  [["id", 3]]
  Rendered articles/show.html.erb within layouts/application (2.1ms)
Completed 200 OK in 13ms (Views: 10.3ms | ActiveRecord: 0.4ms)


Started GET "/articles" for 127.0.0.1 at 2014-08-09 14:42:49 -0700
Processing by ArticlesController#index as HTML
  [1m[35mArticle Load (0.2ms)[0m  SELECT "articles".* FROM "articles"
  Rendered articles/index.html.erb within layouts/application (1.9ms)
Completed 200 OK in 8ms (Views: 7.6ms | ActiveRecord: 0.2ms)


Started GET "/articles/2" for 127.0.0.1 at 2014-08-09 14:42:50 -0700
Processing by ArticlesController#show as HTML
  Parameters: {"id"=>"2"}
  [1m[36mArticle Load (0.1ms)[0m  [1mSELECT  "articles".* FROM "articles"  WHERE "articles"."id" = ? LIMIT 1[0m  [["id", 2]]
  Rendered articles/show.html.erb within layouts/application (0.7ms)
Completed 200 OK in 7ms (Views: 5.3ms | ActiveRecord: 0.1ms)


Started GET "/articles" for 127.0.0.1 at 2014-08-09 14:42:50 -0700
Processing by ArticlesController#index as HTML
  [1m[35mArticle Load (0.2ms)[0m  SELECT "articles".* FROM "articles"
  Rendered articles/index.html.erb within layouts/application (1.0ms)
Completed 200 OK in 8ms (Views: 6.9ms | ActiveRecord: 0.2ms)


Started GET "/articles/new" for 127.0.0.1 at 2014-08-09 14:42:51 -0700
Processing by ArticlesController#new as HTML
  Rendered articles/_form.html.erb (12.4ms)
  Rendered articles/new.html.erb within layouts/application (18.0ms)
Completed 200 OK in 26ms (Views: 24.9ms | ActiveRecord: 0.0ms)


Started POST "/articles" for 127.0.0.1 at 2014-08-09 14:42:56 -0700
Processing by ArticlesController#create as HTML
  Parameters: {"utf8"=>"✓", "authenticity_token"=>"2DqaXFFZufviSn5q7x1XOQAN5Rc2nM/etpWp4ykNuZc=", "article"=>{"title"=>"delete this one", "body"=>"now"}, "commit"=>"Create Article"}
  [1m[36m (0.2ms)[0m  [1mbegin transaction[0m
  [1m[35mSQL (0.7ms)[0m  INSERT INTO "articles" ("body", "created_at", "title", "updated_at") VALUES (?, ?, ?, ?)  [["body", "now"], ["created_at", "2014-08-09 21:42:56.417423"], ["title", "delete this one"], ["updated_at", "2014-08-09 21:42:56.417423"]]
  [1m[36m (177.5ms)[0m  [1mcommit transaction[0m
Redirected to http://localhost:3000/articles/4
Completed 302 Found in 188ms (ActiveRecord: 178.4ms)


Started GET "/articles/4" for 127.0.0.1 at 2014-08-09 14:42:56 -0700
Processing by ArticlesController#show as HTML
  Parameters: {"id"=>"4"}
  [1m[35mArticle Load (0.1ms)[0m  SELECT  "articles".* FROM "articles"  WHERE "articles"."id" = ? LIMIT 1  [["id", 4]]
  Rendered articles/show.html.erb within layouts/application (1.0ms)
Completed 200 OK in 6ms (Views: 5.2ms | ActiveRecord: 0.1ms)


Started GET "/assets/jquery_ujs.js?body=1" for 127.0.0.1 at 2014-08-09 14:42:56 -0700


Started GET "/assets/articles.css?body=1" for 127.0.0.1 at 2014-08-09 14:42:56 -0700


Started GET "/assets/jquery.js?body=1" for 127.0.0.1 at 2014-08-09 14:42:56 -0700


Started GET "/assets/turbolinks.js?body=1" for 127.0.0.1 at 2014-08-09 14:42:56 -0700


Started GET "/assets/screen.css?body=1" for 127.0.0.1 at 2014-08-09 14:42:56 -0700


Started GET "/assets/application.css?body=1" for 127.0.0.1 at 2014-08-09 14:42:56 -0700


Started GET "/assets/articles.js?body=1" for 127.0.0.1 at 2014-08-09 14:42:56 -0700


Started GET "/assets/application.js?body=1" for 127.0.0.1 at 2014-08-09 14:42:56 -0700


Started DELETE "/articles/4" for 127.0.0.1 at 2014-08-09 14:42:59 -0700
Processing by ArticlesController#destroy as HTML
  Parameters: {"authenticity_token"=>"2DqaXFFZufviSn5q7x1XOQAN5Rc2nM/etpWp4ykNuZc=", "id"=>"4"}
  [1m[36mArticle Load (0.2ms)[0m  [1mSELECT  "articles".* FROM "articles"  WHERE "articles"."id" = ? LIMIT 1[0m  [["id", 4]]
  [1m[35m (0.1ms)[0m  begin transaction
  [1m[36mSQL (0.4ms)[0m  [1mDELETE FROM "articles" WHERE "articles"."id" = ?[0m  [["id", 4]]
  [1m[35m (158.5ms)[0m  commit transaction
Redirected to http://localhost:3000/articles
Completed 302 Found in 163ms (ActiveRecord: 159.3ms)


Started GET "/articles" for 127.0.0.1 at 2014-08-09 14:42:59 -0700
Processing by ArticlesController#index as HTML
  [1m[36mArticle Load (0.3ms)[0m  [1mSELECT "articles".* FROM "articles"[0m
  Rendered articles/index.html.erb within layouts/application (1.5ms)
Completed 200 OK in 9ms (Views: 8.3ms | ActiveRecord: 0.3ms)


Started GET "/assets/turbolinks.js?body=1" for 127.0.0.1 at 2014-08-09 14:42:59 -0700


Started GET "/assets/jquery.js?body=1" for 127.0.0.1 at 2014-08-09 14:42:59 -0700


Started GET "/assets/jquery_ujs.js?body=1" for 127.0.0.1 at 2014-08-09 14:42:59 -0700


Started GET "/assets/screen.css?body=1" for 127.0.0.1 at 2014-08-09 14:42:59 -0700


Started GET "/assets/application.css?body=1" for 127.0.0.1 at 2014-08-09 14:42:59 -0700


Started GET "/assets/articles.css?body=1" for 127.0.0.1 at 2014-08-09 14:42:59 -0700


Started GET "/assets/articles.js?body=1" for 127.0.0.1 at 2014-08-09 14:42:59 -0700


Started GET "/assets/application.js?body=1" for 127.0.0.1 at 2014-08-09 14:42:59 -0700
